20240104	16:00:42	9cf5abed-e37e-4d3f-b068-61a7f15d2426	GET	/	undefined
20240104	16:00:42	dc568fe9-52e2-4003-97cd-1cf439039025	GET	/css/style.css	undefined
20240104	16:06:24	3771072e-88a2-4be6-bae7-a3e0cbecc73a	OPTIONS	/	https://www.google.com
20240104	16:06:24	0a67a953-0c93-4ac2-972f-3636ccb04035	GET	/	https://www.google.com
20240104	17:43:46	1f96d5bc-32d2-4575-ba71-8d5479e5ab1e	GET	/	undefined
20240104	17:43:46	c9af44bf-9e37-4d3a-82b9-278f40b5911a	GET	/css/style.css	undefined
20240104	17:44:17	145209f9-8c74-4b4c-b3b9-893334ef19c1	GET	/users	undefined
20240104	17:44:38	9489c497-a677-4df9-b926-208a37e650ce	GET	/user	undefined
20240104	18:08:14	227501f3-cad2-4a7f-acea-8e7491cc57b2	GET	/user	undefined
20240104	18:08:18	82d9614d-df0f-4747-aceb-79f057570a1c	GET	/cars	undefined
20240104	18:11:12	793b8335-a867-4ae3-a395-cd9e96b0700c	POST	/cars	undefined
20240104	18:11:41	565969d4-64e7-4f1f-b2bd-3e94919245e5	POST	/cars	undefined
20240104	18:11:48	896512e8-48af-47f0-8250-79a0a936e44f	POST	/cars	undefined
20240104	18:12:27	9b0d752f-b862-4386-936a-9c9773cb2bbe	POST	/cars	undefined
20240104	18:12:28	0f30000b-4228-48ad-8a4a-bf985a7c69f5	POST	/cars	undefined
20240104	18:12:29	faf63676-f81b-4c40-8926-81b8f14047a5	POST	/cars	undefined
20240104	18:12:44	305648b8-208a-4b64-ba3b-4fe95efca95e	POST	/cars	undefined
20240104	18:12:46	50884d16-ab4b-4ab0-af42-47a63ff29c4f	POST	/cars	undefined
20240104	18:13:28	4ff72b3a-63e3-4482-9d1f-ca4e90d31584	GET	/user	undefined
20240104	18:13:31	262702f6-d69f-4fe3-9e9e-3792064fcfeb	GET	/users	undefined
20240104	18:14:53	5667768a-7549-4e67-a278-f70b7da697a5	POST	/users	undefined
20240104	18:15:08	0f61f483-30f0-4f62-9b0b-f964949a9c36	POST	/users	undefined
20240104	18:15:18	a727b7b4-7cc3-4931-8d89-60e82ac24853	POST	/users	undefined
20240104	18:16:09	4dcdf06e-07da-49dd-bb3f-c0d60a08105d	POST	/users	undefined
20240104	18:17:09	ae14d79b-b145-4776-8b5a-a1f977c27feb	POST	/users	undefined
20240104	18:17:46	4b004d31-144a-46b0-9a44-dd8fa2d26ece	POST	/users	undefined
20240104	18:18:27	cb93c8a9-8d36-41c1-b1e4-85d450edd25c	POST	/users	undefined
20240104	18:18:44	8cf05621-dbca-4d2d-9429-e75afe7bba2e	POST	/users	undefined
20240104	18:20:28	d43776dc-96c6-458c-9fec-5b3f79ffa65d	POST	/users	undefined
20240104	18:24:55	3eb8b633-fed4-4a90-bca7-ccb0f887f744	POST	/users	undefined
20240104	18:26:00	3cb90b6a-6290-4569-a93e-6f37c2851f2a	POST	/users	undefined
20240104	18:27:40	7906cc90-cf1d-4f87-93c5-766e4321d6e1	POST	/users	undefined
20240104	18:27:42	e7c12f86-4323-4d9c-9fc4-f94a3f98cc9c	POST	/users	undefined
20240104	18:28:52	318545de-1dcc-43ac-8c1a-e115e6437dd9	POST	/users	undefined
20240104	18:29:10	686b6869-9537-4a6d-9e9f-f5b7b1f2680f	POST	/users	undefined
20240104	18:29:19	50420607-6380-42d0-bfdd-39d26508eba7	POST	/users	undefined
20240104	18:32:34	bfbece0d-5b92-4b1b-aa0e-a78ffefc7aca	POST	/users	undefined
20240104	18:32:47	7d71070e-229c-4111-8f9e-14c9992547ba	GET	/users	undefined
20240104	18:33:49	3d4f4c60-e43c-4cf6-8d75-91b123ec79a4	POST	/users	undefined
20240104	18:36:42	12a5914a-8717-4073-b0ac-5c1140a2fcbc	POST	/users	undefined
20240104	18:36:47	3e883acb-6d78-4185-855a-a26d4cee4ea7	POST	/users	undefined
20240104	18:37:23	eb784d52-fb11-4e11-998a-cf284270ee71	POST	/users	undefined
20240104	18:37:29	6f72abc7-7845-4236-8764-67d1a2c4b0ef	GET	/users	undefined
20240104	18:37:35	2be88de0-b43c-4b41-bc45-7c0801dfd0c6	PATCH	/users	undefined
20240104	18:37:40	15372cf2-5c30-4bd3-8d33-49ea3428e0c9	PATCH	/users	undefined
20240104	18:37:58	c476f8e6-19d7-4e8e-a53e-818784c3ec6e	GET	/users	undefined
20240104	18:38:07	14476e12-74e5-4b0d-b1ab-e58a3b5fd9f4	PATCH	/users	undefined
20240104	18:38:11	db6e460a-5dce-46aa-b7c6-a9e21781dd64	PATCH	/users	undefined
20240104	18:38:33	d6191fc1-6dcd-469a-9995-ba43eb60f8e2	GET	/users	undefined
20240104	18:38:55	05d2ca50-d33f-48e0-b198-5d3270852986	GET	/users	undefined
20240104	18:38:58	3eca16dd-9aa2-41bb-afec-36d29890389e	PATCH	/users	undefined
20240104	18:39:06	91e9a43c-631d-4d19-b7f3-007859672050	PATCH	/users	undefined
20240104	18:39:09	0044d408-901b-4b9b-bcfe-c8c0a75e098b	GET	/users	undefined
20240104	18:40:28	37ec5bb8-bd33-4d89-b8c3-e1e477fa7f94	PATCH	/users	undefined
20240104	18:41:06	d72f04e0-61cf-4572-a409-fc9874916f0b	PATCH	/users	undefined
20240104	18:41:08	72b05bfc-03c5-4ef6-801f-01efd0e01a8e	PATCH	/users	undefined
20240104	18:44:32	d3a5e3b1-4b23-4627-9ccd-24b463902467	PATCH	/users	undefined
20240104	18:46:32	35601095-1279-4b02-a43f-e5817774b94c	GET	/users/6596ecd3f39eda1d341bc26d	undefined
20240104	18:46:38	ac92c5af-e4ee-486d-8099-c1d1fdf66169	GET	/users/	undefined
20240104	18:46:52	57b654b3-ef19-4a33-af13-3a9aa55316cd	GET	/users/6596ecd3f39eda1d341bc26d	undefined
20240104	18:46:59	1069304b-86e6-4efe-889b-07bb7d6650a7	GET	/users/6596ecd3f39eda1d341bc26d	undefined
20240104	18:47:16	1198c150-6ca8-49b0-93a9-f76b0195e590	GET	/users/	undefined
20240104	18:47:52	785fcbe5-0146-4560-b449-1af4b23299d3	PATCH	/users/6596ecd3f39eda1d341bc26d	undefined
20240104	18:48:03	19fa656e-f3a6-4de9-8125-8a36c80189d8	PATCH	/users/6596ecd3f39eda1d341bc26d	undefined
20240104	18:48:13	2967da8e-0553-4b6d-afce-015206ad0768	PATCH	/users/	undefined
20240104	18:48:42	b8959b87-dd32-4125-bf7a-6ac7d4d4e4b9	PATCH	/users/	undefined
20240104	18:48:47	147d6d3e-889e-4589-b80d-11fbe0e0d55b	GET	/users/	undefined
20240104	18:48:58	afb2845b-8ad1-40eb-8e17-e21dada4fe5f	PATCH	/users/	undefined
20240104	18:49:02	3f2f186a-55e6-4f7b-81b6-f6a08f87d5bc	GET	/users/	undefined
20240104	18:49:58	69382a2c-b417-467d-b53b-e4bd8487d791	GET	/cars	undefined
20240104	19:47:20	35540715-168d-4210-afb7-04faf8b4a799	GET	/	undefined
20240104	19:47:20	75bd1d07-5ba6-4baa-aeab-983ff3f79d73	GET	/css/style.css	undefined
20240104	19:47:50	b08de487-8ad3-4793-a0ca-c1d32a44a875	GET	/	undefined
20240104	19:47:50	45ff1e0e-ed01-46f3-94eb-6782755650a8	GET	/css/style.css	undefined
